<?xml version="1.0" encoding="UTF-8"?>
<testng-results skipped="0" failed="0" total="1" passed="1">
  <reporter-output>
  </reporter-output>
  <suite name="Default suite" duration-ms="68743" started-at="2017-10-10T15:41:24Z" finished-at="2017-10-10T15:42:33Z">
    <groups>
    </groups>
    <test name="Default test" duration-ms="68743" started-at="2017-10-10T15:41:24Z" finished-at="2017-10-10T15:42:33Z">
      <class name="reports.Demo1">
        <test-method status="PASS" signature="verifyTitle()[pri:0, instance:reports.Demo1@fbd816]" name="verifyTitle" duration-ms="67934" started-at="2017-10-10T21:11:24Z" finished-at="2017-10-10T21:12:32Z">
          <reporter-output>
          </reporter-output>
        </test-method> <!-- verifyTitle -->
      </class> <!-- reports.Demo1 -->
    </test> <!-- Default test -->
  </suite> <!-- Default suite -->
</testng-results>
